2013/10/17 11:00:02 [error] [exception.CHttpException.401] exception 'CHttpException' with message 'Unauthorized' in /Volumes/DATA/htdocs/cagoapi/protected/extensions/starship/RestfullYii/filters/ERestFilter.php:48
Stack trace:
#0 /Volumes/DATA/htdocs/cagoapi/cores/framework/web/filters/CFilter.php(38): ERestFilter->preFilter(Object(CFilterChain))
#1 /Volumes/DATA/htdocs/cagoapi/cores/framework/web/filters/CFilterChain.php(130): CFilter->filter(Object(CFilterChain))
#2 /Volumes/DATA/htdocs/cagoapi/cores/framework/web/filters/CFilter.php(40): CFilterChain->run()
#3 /Volumes/DATA/htdocs/cagoapi/cores/framework/web/CController.php(1145): CFilter->filter(Object(CFilterChain))
#4 /Volumes/DATA/htdocs/cagoapi/cores/framework/web/filters/CInlineFilter.php(58): CController->filterAccessControl(Object(CFilterChain))
#5 /Volumes/DATA/htdocs/cagoapi/cores/framework/web/filters/CFilterChain.php(130): CInlineFilter->filter(Object(CFilterChain))
#6 /Volumes/DATA/htdocs/cagoapi/cores/framework/web/CController.php(291): CFilterChain->run()
#7 /Volumes/DATA/htdocs/cagoapi/cores/framework/web/CController.php(265): CController->runActionWithFilters(Object(EActionRestGET), Array)
#8 /Volumes/DATA/htdocs/cagoapi/cores/framework/web/CWebApplication.php(282): CController->run('REST.GET')
#9 /Volumes/DATA/htdocs/cagoapi/cores/framework/web/CWebApplication.php(141): CWebApplication->runController('work/REST.GET')
#10 /Volumes/DATA/htdocs/cagoapi/cores/framework/base/CApplication.php(180): CWebApplication->processRequest()
#11 /Volumes/DATA/htdocs/cagoapi/index.php(13): CApplication->run()
#12 {main}
REQUEST_URI=/cagoapi/index.php/api/work
---
2013/10/17 11:00:37 [error] [exception.CHttpException.401] exception 'CHttpException' with message 'Unauthorized' in /Volumes/DATA/htdocs/cagoapi/protected/extensions/starship/RestfullYii/filters/ERestFilter.php:48
Stack trace:
#0 /Volumes/DATA/htdocs/cagoapi/cores/framework/web/filters/CFilter.php(38): ERestFilter->preFilter(Object(CFilterChain))
#1 /Volumes/DATA/htdocs/cagoapi/cores/framework/web/filters/CFilterChain.php(130): CFilter->filter(Object(CFilterChain))
#2 /Volumes/DATA/htdocs/cagoapi/cores/framework/web/filters/CFilter.php(40): CFilterChain->run()
#3 /Volumes/DATA/htdocs/cagoapi/cores/framework/web/CController.php(1145): CFilter->filter(Object(CFilterChain))
#4 /Volumes/DATA/htdocs/cagoapi/cores/framework/web/filters/CInlineFilter.php(58): CController->filterAccessControl(Object(CFilterChain))
#5 /Volumes/DATA/htdocs/cagoapi/cores/framework/web/filters/CFilterChain.php(130): CInlineFilter->filter(Object(CFilterChain))
#6 /Volumes/DATA/htdocs/cagoapi/cores/framework/web/CController.php(291): CFilterChain->run()
#7 /Volumes/DATA/htdocs/cagoapi/cores/framework/web/CController.php(265): CController->runActionWithFilters(Object(EActionRestGET), Array)
#8 /Volumes/DATA/htdocs/cagoapi/cores/framework/web/CWebApplication.php(282): CController->run('REST.GET')
#9 /Volumes/DATA/htdocs/cagoapi/cores/framework/web/CWebApplication.php(141): CWebApplication->runController('work/REST.GET')
#10 /Volumes/DATA/htdocs/cagoapi/cores/framework/base/CApplication.php(180): CWebApplication->processRequest()
#11 /Volumes/DATA/htdocs/cagoapi/index.php(13): CApplication->run()
#12 {main}
REQUEST_URI=/cagoapi/index.php/api/work
---
2013/10/17 11:00:54 [error] [exception.CHttpException.401] exception 'CHttpException' with message 'Unauthorized' in /Volumes/DATA/htdocs/cagoapi/protected/extensions/starship/RestfullYii/filters/ERestFilter.php:48
Stack trace:
#0 /Volumes/DATA/htdocs/cagoapi/cores/framework/web/filters/CFilter.php(38): ERestFilter->preFilter(Object(CFilterChain))
#1 /Volumes/DATA/htdocs/cagoapi/cores/framework/web/filters/CFilterChain.php(130): CFilter->filter(Object(CFilterChain))
#2 /Volumes/DATA/htdocs/cagoapi/cores/framework/web/filters/CFilter.php(40): CFilterChain->run()
#3 /Volumes/DATA/htdocs/cagoapi/cores/framework/web/CController.php(1145): CFilter->filter(Object(CFilterChain))
#4 /Volumes/DATA/htdocs/cagoapi/cores/framework/web/filters/CInlineFilter.php(58): CController->filterAccessControl(Object(CFilterChain))
#5 /Volumes/DATA/htdocs/cagoapi/cores/framework/web/filters/CFilterChain.php(130): CInlineFilter->filter(Object(CFilterChain))
#6 /Volumes/DATA/htdocs/cagoapi/cores/framework/web/CController.php(291): CFilterChain->run()
#7 /Volumes/DATA/htdocs/cagoapi/cores/framework/web/CController.php(265): CController->runActionWithFilters(Object(EActionRestGET), Array)
#8 /Volumes/DATA/htdocs/cagoapi/cores/framework/web/CWebApplication.php(282): CController->run('REST.GET')
#9 /Volumes/DATA/htdocs/cagoapi/cores/framework/web/CWebApplication.php(141): CWebApplication->runController('work/REST.GET')
#10 /Volumes/DATA/htdocs/cagoapi/cores/framework/base/CApplication.php(180): CWebApplication->processRequest()
#11 /Volumes/DATA/htdocs/cagoapi/index.php(13): CApplication->run()
#12 {main}
REQUEST_URI=/cagoapi/index.php/api/work
---
2013/10/17 11:01:05 [error] [exception.CHttpException.401] exception 'CHttpException' with message 'Unauthorized' in /Volumes/DATA/htdocs/cagoapi/protected/extensions/starship/RestfullYii/filters/ERestFilter.php:48
Stack trace:
#0 /Volumes/DATA/htdocs/cagoapi/cores/framework/web/filters/CFilter.php(38): ERestFilter->preFilter(Object(CFilterChain))
#1 /Volumes/DATA/htdocs/cagoapi/cores/framework/web/filters/CFilterChain.php(130): CFilter->filter(Object(CFilterChain))
#2 /Volumes/DATA/htdocs/cagoapi/cores/framework/web/filters/CFilter.php(40): CFilterChain->run()
#3 /Volumes/DATA/htdocs/cagoapi/cores/framework/web/CController.php(1145): CFilter->filter(Object(CFilterChain))
#4 /Volumes/DATA/htdocs/cagoapi/cores/framework/web/filters/CInlineFilter.php(58): CController->filterAccessControl(Object(CFilterChain))
#5 /Volumes/DATA/htdocs/cagoapi/cores/framework/web/filters/CFilterChain.php(130): CInlineFilter->filter(Object(CFilterChain))
#6 /Volumes/DATA/htdocs/cagoapi/cores/framework/web/CController.php(291): CFilterChain->run()
#7 /Volumes/DATA/htdocs/cagoapi/cores/framework/web/CController.php(265): CController->runActionWithFilters(Object(EActionRestGET), Array)
#8 /Volumes/DATA/htdocs/cagoapi/cores/framework/web/CWebApplication.php(282): CController->run('REST.GET')
#9 /Volumes/DATA/htdocs/cagoapi/cores/framework/web/CWebApplication.php(141): CWebApplication->runController('work/REST.GET')
#10 /Volumes/DATA/htdocs/cagoapi/cores/framework/base/CApplication.php(180): CWebApplication->processRequest()
#11 /Volumes/DATA/htdocs/cagoapi/index.php(13): CApplication->run()
#12 {main}
REQUEST_URI=/cagoapi/index.php/api/work
---
2013/10/17 11:05:53 [error] [exception.CHttpException.401] exception 'CHttpException' with message 'Unauthorized' in /Volumes/DATA/htdocs/cagoapi/protected/extensions/starship/RestfullYii/filters/ERestFilter.php:48
Stack trace:
#0 /Volumes/DATA/htdocs/cagoapi/cores/framework/web/filters/CFilter.php(38): ERestFilter->preFilter(Object(CFilterChain))
#1 /Volumes/DATA/htdocs/cagoapi/cores/framework/web/filters/CFilterChain.php(130): CFilter->filter(Object(CFilterChain))
#2 /Volumes/DATA/htdocs/cagoapi/cores/framework/web/filters/CFilter.php(40): CFilterChain->run()
#3 /Volumes/DATA/htdocs/cagoapi/cores/framework/web/CController.php(1145): CFilter->filter(Object(CFilterChain))
#4 /Volumes/DATA/htdocs/cagoapi/cores/framework/web/filters/CInlineFilter.php(58): CController->filterAccessControl(Object(CFilterChain))
#5 /Volumes/DATA/htdocs/cagoapi/cores/framework/web/filters/CFilterChain.php(130): CInlineFilter->filter(Object(CFilterChain))
#6 /Volumes/DATA/htdocs/cagoapi/cores/framework/web/CController.php(291): CFilterChain->run()
#7 /Volumes/DATA/htdocs/cagoapi/cores/framework/web/CController.php(265): CController->runActionWithFilters(Object(EActionRestGET), Array)
#8 /Volumes/DATA/htdocs/cagoapi/cores/framework/web/CWebApplication.php(282): CController->run('REST.GET')
#9 /Volumes/DATA/htdocs/cagoapi/cores/framework/web/CWebApplication.php(141): CWebApplication->runController('work/REST.GET')
#10 /Volumes/DATA/htdocs/cagoapi/cores/framework/base/CApplication.php(180): CWebApplication->processRequest()
#11 /Volumes/DATA/htdocs/cagoapi/index.php(13): CApplication->run()
#12 {main}
REQUEST_URI=/cagoapi/index.php/api/work
---
2013/10/17 11:05:55 [error] [exception.CHttpException.401] exception 'CHttpException' with message 'Unauthorized' in /Volumes/DATA/htdocs/cagoapi/protected/extensions/starship/RestfullYii/filters/ERestFilter.php:48
Stack trace:
#0 /Volumes/DATA/htdocs/cagoapi/cores/framework/web/filters/CFilter.php(38): ERestFilter->preFilter(Object(CFilterChain))
#1 /Volumes/DATA/htdocs/cagoapi/cores/framework/web/filters/CFilterChain.php(130): CFilter->filter(Object(CFilterChain))
#2 /Volumes/DATA/htdocs/cagoapi/cores/framework/web/filters/CFilter.php(40): CFilterChain->run()
#3 /Volumes/DATA/htdocs/cagoapi/cores/framework/web/CController.php(1145): CFilter->filter(Object(CFilterChain))
#4 /Volumes/DATA/htdocs/cagoapi/cores/framework/web/filters/CInlineFilter.php(58): CController->filterAccessControl(Object(CFilterChain))
#5 /Volumes/DATA/htdocs/cagoapi/cores/framework/web/filters/CFilterChain.php(130): CInlineFilter->filter(Object(CFilterChain))
#6 /Volumes/DATA/htdocs/cagoapi/cores/framework/web/CController.php(291): CFilterChain->run()
#7 /Volumes/DATA/htdocs/cagoapi/cores/framework/web/CController.php(265): CController->runActionWithFilters(Object(EActionRestGET), Array)
#8 /Volumes/DATA/htdocs/cagoapi/cores/framework/web/CWebApplication.php(282): CController->run('REST.GET')
#9 /Volumes/DATA/htdocs/cagoapi/cores/framework/web/CWebApplication.php(141): CWebApplication->runController('work/REST.GET')
#10 /Volumes/DATA/htdocs/cagoapi/cores/framework/base/CApplication.php(180): CWebApplication->processRequest()
#11 /Volumes/DATA/htdocs/cagoapi/index.php(13): CApplication->run()
#12 {main}
REQUEST_URI=/cagoapi/index.php/api/work
---
2013/10/17 11:05:56 [error] [exception.CHttpException.401] exception 'CHttpException' with message 'Unauthorized' in /Volumes/DATA/htdocs/cagoapi/protected/extensions/starship/RestfullYii/filters/ERestFilter.php:48
Stack trace:
#0 /Volumes/DATA/htdocs/cagoapi/cores/framework/web/filters/CFilter.php(38): ERestFilter->preFilter(Object(CFilterChain))
#1 /Volumes/DATA/htdocs/cagoapi/cores/framework/web/filters/CFilterChain.php(130): CFilter->filter(Object(CFilterChain))
#2 /Volumes/DATA/htdocs/cagoapi/cores/framework/web/filters/CFilter.php(40): CFilterChain->run()
#3 /Volumes/DATA/htdocs/cagoapi/cores/framework/web/CController.php(1145): CFilter->filter(Object(CFilterChain))
#4 /Volumes/DATA/htdocs/cagoapi/cores/framework/web/filters/CInlineFilter.php(58): CController->filterAccessControl(Object(CFilterChain))
#5 /Volumes/DATA/htdocs/cagoapi/cores/framework/web/filters/CFilterChain.php(130): CInlineFilter->filter(Object(CFilterChain))
#6 /Volumes/DATA/htdocs/cagoapi/cores/framework/web/CController.php(291): CFilterChain->run()
#7 /Volumes/DATA/htdocs/cagoapi/cores/framework/web/CController.php(265): CController->runActionWithFilters(Object(EActionRestGET), Array)
#8 /Volumes/DATA/htdocs/cagoapi/cores/framework/web/CWebApplication.php(282): CController->run('REST.GET')
#9 /Volumes/DATA/htdocs/cagoapi/cores/framework/web/CWebApplication.php(141): CWebApplication->runController('work/REST.GET')
#10 /Volumes/DATA/htdocs/cagoapi/cores/framework/base/CApplication.php(180): CWebApplication->processRequest()
#11 /Volumes/DATA/htdocs/cagoapi/index.php(13): CApplication->run()
#12 {main}
REQUEST_URI=/cagoapi/index.php/api/work
---
2013/10/17 11:05:57 [error] [exception.CHttpException.401] exception 'CHttpException' with message 'Unauthorized' in /Volumes/DATA/htdocs/cagoapi/protected/extensions/starship/RestfullYii/filters/ERestFilter.php:48
Stack trace:
#0 /Volumes/DATA/htdocs/cagoapi/cores/framework/web/filters/CFilter.php(38): ERestFilter->preFilter(Object(CFilterChain))
#1 /Volumes/DATA/htdocs/cagoapi/cores/framework/web/filters/CFilterChain.php(130): CFilter->filter(Object(CFilterChain))
#2 /Volumes/DATA/htdocs/cagoapi/cores/framework/web/filters/CFilter.php(40): CFilterChain->run()
#3 /Volumes/DATA/htdocs/cagoapi/cores/framework/web/CController.php(1145): CFilter->filter(Object(CFilterChain))
#4 /Volumes/DATA/htdocs/cagoapi/cores/framework/web/filters/CInlineFilter.php(58): CController->filterAccessControl(Object(CFilterChain))
#5 /Volumes/DATA/htdocs/cagoapi/cores/framework/web/filters/CFilterChain.php(130): CInlineFilter->filter(Object(CFilterChain))
#6 /Volumes/DATA/htdocs/cagoapi/cores/framework/web/CController.php(291): CFilterChain->run()
#7 /Volumes/DATA/htdocs/cagoapi/cores/framework/web/CController.php(265): CController->runActionWithFilters(Object(EActionRestGET), Array)
#8 /Volumes/DATA/htdocs/cagoapi/cores/framework/web/CWebApplication.php(282): CController->run('REST.GET')
#9 /Volumes/DATA/htdocs/cagoapi/cores/framework/web/CWebApplication.php(141): CWebApplication->runController('work/REST.GET')
#10 /Volumes/DATA/htdocs/cagoapi/cores/framework/base/CApplication.php(180): CWebApplication->processRequest()
#11 /Volumes/DATA/htdocs/cagoapi/index.php(13): CApplication->run()
#12 {main}
REQUEST_URI=/cagoapi/index.php/api/work
---
2013/10/17 11:05:59 [error] [exception.CHttpException.401] exception 'CHttpException' with message 'Unauthorized' in /Volumes/DATA/htdocs/cagoapi/protected/extensions/starship/RestfullYii/filters/ERestFilter.php:48
Stack trace:
#0 /Volumes/DATA/htdocs/cagoapi/cores/framework/web/filters/CFilter.php(38): ERestFilter->preFilter(Object(CFilterChain))
#1 /Volumes/DATA/htdocs/cagoapi/cores/framework/web/filters/CFilterChain.php(130): CFilter->filter(Object(CFilterChain))
#2 /Volumes/DATA/htdocs/cagoapi/cores/framework/web/filters/CFilter.php(40): CFilterChain->run()
#3 /Volumes/DATA/htdocs/cagoapi/cores/framework/web/CController.php(1145): CFilter->filter(Object(CFilterChain))
#4 /Volumes/DATA/htdocs/cagoapi/cores/framework/web/filters/CInlineFilter.php(58): CController->filterAccessControl(Object(CFilterChain))
#5 /Volumes/DATA/htdocs/cagoapi/cores/framework/web/filters/CFilterChain.php(130): CInlineFilter->filter(Object(CFilterChain))
#6 /Volumes/DATA/htdocs/cagoapi/cores/framework/web/CController.php(291): CFilterChain->run()
#7 /Volumes/DATA/htdocs/cagoapi/cores/framework/web/CController.php(265): CController->runActionWithFilters(Object(EActionRestGET), Array)
#8 /Volumes/DATA/htdocs/cagoapi/cores/framework/web/CWebApplication.php(282): CController->run('REST.GET')
#9 /Volumes/DATA/htdocs/cagoapi/cores/framework/web/CWebApplication.php(141): CWebApplication->runController('work/REST.GET')
#10 /Volumes/DATA/htdocs/cagoapi/cores/framework/base/CApplication.php(180): CWebApplication->processRequest()
#11 /Volumes/DATA/htdocs/cagoapi/index.php(13): CApplication->run()
#12 {main}
REQUEST_URI=/cagoapi/index.php/api/work
---
2013/10/17 11:24:26 [error] [exception.CHttpException.401] exception 'CHttpException' with message 'Unauthorized' in /Volumes/DATA/htdocs/cagoapi/protected/extensions/starship/RestfullYii/filters/ERestFilter.php:48
Stack trace:
#0 /Volumes/DATA/htdocs/cagoapi/cores/framework/web/filters/CFilter.php(38): ERestFilter->preFilter(Object(CFilterChain))
#1 /Volumes/DATA/htdocs/cagoapi/cores/framework/web/filters/CFilterChain.php(130): CFilter->filter(Object(CFilterChain))
#2 /Volumes/DATA/htdocs/cagoapi/cores/framework/web/filters/CFilter.php(40): CFilterChain->run()
#3 /Volumes/DATA/htdocs/cagoapi/cores/framework/web/CController.php(1145): CFilter->filter(Object(CFilterChain))
#4 /Volumes/DATA/htdocs/cagoapi/cores/framework/web/filters/CInlineFilter.php(58): CController->filterAccessControl(Object(CFilterChain))
#5 /Volumes/DATA/htdocs/cagoapi/cores/framework/web/filters/CFilterChain.php(130): CInlineFilter->filter(Object(CFilterChain))
#6 /Volumes/DATA/htdocs/cagoapi/cores/framework/web/CController.php(291): CFilterChain->run()
#7 /Volumes/DATA/htdocs/cagoapi/cores/framework/web/CController.php(265): CController->runActionWithFilters(Object(EActionRestGET), Array)
#8 /Volumes/DATA/htdocs/cagoapi/cores/framework/web/CWebApplication.php(282): CController->run('REST.GET')
#9 /Volumes/DATA/htdocs/cagoapi/cores/framework/web/CWebApplication.php(141): CWebApplication->runController('work/REST.GET')
#10 /Volumes/DATA/htdocs/cagoapi/cores/framework/base/CApplication.php(180): CWebApplication->processRequest()
#11 /Volumes/DATA/htdocs/cagoapi/index.php(13): CApplication->run()
#12 {main}
REQUEST_URI=/cagoapi/index.php/api/work/text
---
2013/10/17 11:24:41 [error] [exception.CHttpException.401] exception 'CHttpException' with message 'Unauthorized' in /Volumes/DATA/htdocs/cagoapi/protected/extensions/starship/RestfullYii/filters/ERestFilter.php:48
Stack trace:
#0 /Volumes/DATA/htdocs/cagoapi/cores/framework/web/filters/CFilter.php(38): ERestFilter->preFilter(Object(CFilterChain))
#1 /Volumes/DATA/htdocs/cagoapi/cores/framework/web/filters/CFilterChain.php(130): CFilter->filter(Object(CFilterChain))
#2 /Volumes/DATA/htdocs/cagoapi/cores/framework/web/filters/CFilter.php(40): CFilterChain->run()
#3 /Volumes/DATA/htdocs/cagoapi/cores/framework/web/CController.php(1145): CFilter->filter(Object(CFilterChain))
#4 /Volumes/DATA/htdocs/cagoapi/cores/framework/web/filters/CInlineFilter.php(58): CController->filterAccessControl(Object(CFilterChain))
#5 /Volumes/DATA/htdocs/cagoapi/cores/framework/web/filters/CFilterChain.php(130): CInlineFilter->filter(Object(CFilterChain))
#6 /Volumes/DATA/htdocs/cagoapi/cores/framework/web/CController.php(291): CFilterChain->run()
#7 /Volumes/DATA/htdocs/cagoapi/cores/framework/web/CController.php(265): CController->runActionWithFilters(Object(EActionRestGET), Array)
#8 /Volumes/DATA/htdocs/cagoapi/cores/framework/web/CWebApplication.php(282): CController->run('REST.GET')
#9 /Volumes/DATA/htdocs/cagoapi/cores/framework/web/CWebApplication.php(141): CWebApplication->runController('work/REST.GET')
#10 /Volumes/DATA/htdocs/cagoapi/cores/framework/base/CApplication.php(180): CWebApplication->processRequest()
#11 /Volumes/DATA/htdocs/cagoapi/index.php(13): CApplication->run()
#12 {main}
REQUEST_URI=/cagoapi/index.php/api/work/
---
2013/10/17 11:24:48 [error] [exception.CHttpException.401] exception 'CHttpException' with message 'Unauthorized' in /Volumes/DATA/htdocs/cagoapi/protected/extensions/starship/RestfullYii/filters/ERestFilter.php:48
Stack trace:
#0 /Volumes/DATA/htdocs/cagoapi/cores/framework/web/filters/CFilter.php(38): ERestFilter->preFilter(Object(CFilterChain))
#1 /Volumes/DATA/htdocs/cagoapi/cores/framework/web/filters/CFilterChain.php(130): CFilter->filter(Object(CFilterChain))
#2 /Volumes/DATA/htdocs/cagoapi/cores/framework/web/filters/CFilter.php(40): CFilterChain->run()
#3 /Volumes/DATA/htdocs/cagoapi/cores/framework/web/CController.php(1145): CFilter->filter(Object(CFilterChain))
#4 /Volumes/DATA/htdocs/cagoapi/cores/framework/web/filters/CInlineFilter.php(58): CController->filterAccessControl(Object(CFilterChain))
#5 /Volumes/DATA/htdocs/cagoapi/cores/framework/web/filters/CFilterChain.php(130): CInlineFilter->filter(Object(CFilterChain))
#6 /Volumes/DATA/htdocs/cagoapi/cores/framework/web/CController.php(291): CFilterChain->run()
#7 /Volumes/DATA/htdocs/cagoapi/cores/framework/web/CController.php(265): CController->runActionWithFilters(Object(EActionRestGET), Array)
#8 /Volumes/DATA/htdocs/cagoapi/cores/framework/web/CWebApplication.php(282): CController->run('REST.GET')
#9 /Volumes/DATA/htdocs/cagoapi/cores/framework/web/CWebApplication.php(141): CWebApplication->runController('work/REST.GET')
#10 /Volumes/DATA/htdocs/cagoapi/cores/framework/base/CApplication.php(180): CWebApplication->processRequest()
#11 /Volumes/DATA/htdocs/cagoapi/index.php(13): CApplication->run()
#12 {main}
REQUEST_URI=/cagoapi/index.php/api/work/
---
2013/10/17 11:25:11 [error] [exception.CHttpException.401] exception 'CHttpException' with message 'Unauthorized' in /Volumes/DATA/htdocs/cagoapi/protected/extensions/starship/RestfullYii/filters/ERestFilter.php:48
Stack trace:
#0 /Volumes/DATA/htdocs/cagoapi/cores/framework/web/filters/CFilter.php(38): ERestFilter->preFilter(Object(CFilterChain))
#1 /Volumes/DATA/htdocs/cagoapi/cores/framework/web/filters/CFilterChain.php(130): CFilter->filter(Object(CFilterChain))
#2 /Volumes/DATA/htdocs/cagoapi/cores/framework/web/filters/CFilter.php(40): CFilterChain->run()
#3 /Volumes/DATA/htdocs/cagoapi/cores/framework/web/CController.php(1145): CFilter->filter(Object(CFilterChain))
#4 /Volumes/DATA/htdocs/cagoapi/cores/framework/web/filters/CInlineFilter.php(58): CController->filterAccessControl(Object(CFilterChain))
#5 /Volumes/DATA/htdocs/cagoapi/cores/framework/web/filters/CFilterChain.php(130): CInlineFilter->filter(Object(CFilterChain))
#6 /Volumes/DATA/htdocs/cagoapi/cores/framework/web/CController.php(291): CFilterChain->run()
#7 /Volumes/DATA/htdocs/cagoapi/cores/framework/web/CController.php(265): CController->runActionWithFilters(Object(EActionRestGET), Array)
#8 /Volumes/DATA/htdocs/cagoapi/cores/framework/web/CWebApplication.php(282): CController->run('REST.GET')
#9 /Volumes/DATA/htdocs/cagoapi/cores/framework/web/CWebApplication.php(141): CWebApplication->runController('work/REST.GET')
#10 /Volumes/DATA/htdocs/cagoapi/cores/framework/base/CApplication.php(180): CWebApplication->processRequest()
#11 /Volumes/DATA/htdocs/cagoapi/index.php(13): CApplication->run()
#12 {main}
REQUEST_URI=/cagoapi/index.php/api/work/
---
2013/10/17 11:25:23 [error] [exception.CHttpException.401] exception 'CHttpException' with message 'Unauthorized' in /Volumes/DATA/htdocs/cagoapi/protected/extensions/starship/RestfullYii/filters/ERestFilter.php:48
Stack trace:
#0 /Volumes/DATA/htdocs/cagoapi/cores/framework/web/filters/CFilter.php(38): ERestFilter->preFilter(Object(CFilterChain))
#1 /Volumes/DATA/htdocs/cagoapi/cores/framework/web/filters/CFilterChain.php(130): CFilter->filter(Object(CFilterChain))
#2 /Volumes/DATA/htdocs/cagoapi/cores/framework/web/filters/CFilter.php(40): CFilterChain->run()
#3 /Volumes/DATA/htdocs/cagoapi/cores/framework/web/CController.php(1145): CFilter->filter(Object(CFilterChain))
#4 /Volumes/DATA/htdocs/cagoapi/cores/framework/web/filters/CInlineFilter.php(58): CController->filterAccessControl(Object(CFilterChain))
#5 /Volumes/DATA/htdocs/cagoapi/cores/framework/web/filters/CFilterChain.php(130): CInlineFilter->filter(Object(CFilterChain))
#6 /Volumes/DATA/htdocs/cagoapi/cores/framework/web/CController.php(291): CFilterChain->run()
#7 /Volumes/DATA/htdocs/cagoapi/cores/framework/web/CController.php(265): CController->runActionWithFilters(Object(EActionRestGET), Array)
#8 /Volumes/DATA/htdocs/cagoapi/cores/framework/web/CWebApplication.php(282): CController->run('REST.GET')
#9 /Volumes/DATA/htdocs/cagoapi/cores/framework/web/CWebApplication.php(141): CWebApplication->runController('work/REST.GET')
#10 /Volumes/DATA/htdocs/cagoapi/cores/framework/base/CApplication.php(180): CWebApplication->processRequest()
#11 /Volumes/DATA/htdocs/cagoapi/index.php(13): CApplication->run()
#12 {main}
REQUEST_URI=/cagoapi/index.php/api/work
---
2013/10/17 15:10:08 [error] [exception.CHttpException.401] exception 'CHttpException' with message 'Unauthorized' in /Volumes/DATA/htdocs/cagoapi/protected/extensions/starship/RestfullYii/filters/ERestFilter.php:48
Stack trace:
#0 /Volumes/DATA/htdocs/cagoapi/cores/framework/web/filters/CFilter.php(38): ERestFilter->preFilter(Object(CFilterChain))
#1 /Volumes/DATA/htdocs/cagoapi/cores/framework/web/filters/CFilterChain.php(130): CFilter->filter(Object(CFilterChain))
#2 /Volumes/DATA/htdocs/cagoapi/cores/framework/web/filters/CFilter.php(40): CFilterChain->run()
#3 /Volumes/DATA/htdocs/cagoapi/cores/framework/web/CController.php(1145): CFilter->filter(Object(CFilterChain))
#4 /Volumes/DATA/htdocs/cagoapi/cores/framework/web/filters/CInlineFilter.php(58): CController->filterAccessControl(Object(CFilterChain))
#5 /Volumes/DATA/htdocs/cagoapi/cores/framework/web/filters/CFilterChain.php(130): CInlineFilter->filter(Object(CFilterChain))
#6 /Volumes/DATA/htdocs/cagoapi/cores/framework/web/CController.php(291): CFilterChain->run()
#7 /Volumes/DATA/htdocs/cagoapi/cores/framework/web/CController.php(265): CController->runActionWithFilters(Object(EActionRestGET), Array)
#8 /Volumes/DATA/htdocs/cagoapi/cores/framework/web/CWebApplication.php(282): CController->run('REST.GET')
#9 /Volumes/DATA/htdocs/cagoapi/cores/framework/web/CWebApplication.php(141): CWebApplication->runController('work/REST.GET')
#10 /Volumes/DATA/htdocs/cagoapi/cores/framework/base/CApplication.php(180): CWebApplication->processRequest()
#11 /Volumes/DATA/htdocs/cagoapi/index.php(13): CApplication->run()
#12 {main}
REQUEST_URI=/cagoapi/index.php/api/work
---
2013/10/17 15:10:43 [error] [exception.CHttpException.401] exception 'CHttpException' with message 'Unauthorized' in /Volumes/DATA/htdocs/cagoapi/protected/extensions/starship/RestfullYii/filters/ERestFilter.php:48
Stack trace:
#0 /Volumes/DATA/htdocs/cagoapi/cores/framework/web/filters/CFilter.php(38): ERestFilter->preFilter(Object(CFilterChain))
#1 /Volumes/DATA/htdocs/cagoapi/cores/framework/web/filters/CFilterChain.php(130): CFilter->filter(Object(CFilterChain))
#2 /Volumes/DATA/htdocs/cagoapi/cores/framework/web/filters/CFilter.php(40): CFilterChain->run()
#3 /Volumes/DATA/htdocs/cagoapi/cores/framework/web/CController.php(1145): CFilter->filter(Object(CFilterChain))
#4 /Volumes/DATA/htdocs/cagoapi/cores/framework/web/filters/CInlineFilter.php(58): CController->filterAccessControl(Object(CFilterChain))
#5 /Volumes/DATA/htdocs/cagoapi/cores/framework/web/filters/CFilterChain.php(130): CInlineFilter->filter(Object(CFilterChain))
#6 /Volumes/DATA/htdocs/cagoapi/cores/framework/web/CController.php(291): CFilterChain->run()
#7 /Volumes/DATA/htdocs/cagoapi/cores/framework/web/CController.php(265): CController->runActionWithFilters(Object(EActionRestGET), Array)
#8 /Volumes/DATA/htdocs/cagoapi/cores/framework/web/CWebApplication.php(282): CController->run('REST.GET')
#9 /Volumes/DATA/htdocs/cagoapi/cores/framework/web/CWebApplication.php(141): CWebApplication->runController('work/REST.GET')
#10 /Volumes/DATA/htdocs/cagoapi/cores/framework/base/CApplication.php(180): CWebApplication->processRequest()
#11 /Volumes/DATA/htdocs/cagoapi/index.php(13): CApplication->run()
#12 {main}
REQUEST_URI=/cagoapi/index.php/api/work
---
2013/10/17 15:10:44 [error] [exception.CHttpException.401] exception 'CHttpException' with message 'Unauthorized' in /Volumes/DATA/htdocs/cagoapi/protected/extensions/starship/RestfullYii/filters/ERestFilter.php:48
Stack trace:
#0 /Volumes/DATA/htdocs/cagoapi/cores/framework/web/filters/CFilter.php(38): ERestFilter->preFilter(Object(CFilterChain))
#1 /Volumes/DATA/htdocs/cagoapi/cores/framework/web/filters/CFilterChain.php(130): CFilter->filter(Object(CFilterChain))
#2 /Volumes/DATA/htdocs/cagoapi/cores/framework/web/filters/CFilter.php(40): CFilterChain->run()
#3 /Volumes/DATA/htdocs/cagoapi/cores/framework/web/CController.php(1145): CFilter->filter(Object(CFilterChain))
#4 /Volumes/DATA/htdocs/cagoapi/cores/framework/web/filters/CInlineFilter.php(58): CController->filterAccessControl(Object(CFilterChain))
#5 /Volumes/DATA/htdocs/cagoapi/cores/framework/web/filters/CFilterChain.php(130): CInlineFilter->filter(Object(CFilterChain))
#6 /Volumes/DATA/htdocs/cagoapi/cores/framework/web/CController.php(291): CFilterChain->run()
#7 /Volumes/DATA/htdocs/cagoapi/cores/framework/web/CController.php(265): CController->runActionWithFilters(Object(EActionRestGET), Array)
#8 /Volumes/DATA/htdocs/cagoapi/cores/framework/web/CWebApplication.php(282): CController->run('REST.GET')
#9 /Volumes/DATA/htdocs/cagoapi/cores/framework/web/CWebApplication.php(141): CWebApplication->runController('work/REST.GET')
#10 /Volumes/DATA/htdocs/cagoapi/cores/framework/base/CApplication.php(180): CWebApplication->processRequest()
#11 /Volumes/DATA/htdocs/cagoapi/index.php(13): CApplication->run()
#12 {main}
REQUEST_URI=/cagoapi/index.php/api/work
---
2013/10/17 15:10:45 [error] [exception.CHttpException.401] exception 'CHttpException' with message 'Unauthorized' in /Volumes/DATA/htdocs/cagoapi/protected/extensions/starship/RestfullYii/filters/ERestFilter.php:48
Stack trace:
#0 /Volumes/DATA/htdocs/cagoapi/cores/framework/web/filters/CFilter.php(38): ERestFilter->preFilter(Object(CFilterChain))
#1 /Volumes/DATA/htdocs/cagoapi/cores/framework/web/filters/CFilterChain.php(130): CFilter->filter(Object(CFilterChain))
#2 /Volumes/DATA/htdocs/cagoapi/cores/framework/web/filters/CFilter.php(40): CFilterChain->run()
#3 /Volumes/DATA/htdocs/cagoapi/cores/framework/web/CController.php(1145): CFilter->filter(Object(CFilterChain))
#4 /Volumes/DATA/htdocs/cagoapi/cores/framework/web/filters/CInlineFilter.php(58): CController->filterAccessControl(Object(CFilterChain))
#5 /Volumes/DATA/htdocs/cagoapi/cores/framework/web/filters/CFilterChain.php(130): CInlineFilter->filter(Object(CFilterChain))
#6 /Volumes/DATA/htdocs/cagoapi/cores/framework/web/CController.php(291): CFilterChain->run()
#7 /Volumes/DATA/htdocs/cagoapi/cores/framework/web/CController.php(265): CController->runActionWithFilters(Object(EActionRestGET), Array)
#8 /Volumes/DATA/htdocs/cagoapi/cores/framework/web/CWebApplication.php(282): CController->run('REST.GET')
#9 /Volumes/DATA/htdocs/cagoapi/cores/framework/web/CWebApplication.php(141): CWebApplication->runController('work/REST.GET')
#10 /Volumes/DATA/htdocs/cagoapi/cores/framework/base/CApplication.php(180): CWebApplication->processRequest()
#11 /Volumes/DATA/htdocs/cagoapi/index.php(13): CApplication->run()
#12 {main}
REQUEST_URI=/cagoapi/index.php/api/work
---
2013/10/17 15:10:46 [error] [exception.CHttpException.401] exception 'CHttpException' with message 'Unauthorized' in /Volumes/DATA/htdocs/cagoapi/protected/extensions/starship/RestfullYii/filters/ERestFilter.php:48
Stack trace:
#0 /Volumes/DATA/htdocs/cagoapi/cores/framework/web/filters/CFilter.php(38): ERestFilter->preFilter(Object(CFilterChain))
#1 /Volumes/DATA/htdocs/cagoapi/cores/framework/web/filters/CFilterChain.php(130): CFilter->filter(Object(CFilterChain))
#2 /Volumes/DATA/htdocs/cagoapi/cores/framework/web/filters/CFilter.php(40): CFilterChain->run()
#3 /Volumes/DATA/htdocs/cagoapi/cores/framework/web/CController.php(1145): CFilter->filter(Object(CFilterChain))
#4 /Volumes/DATA/htdocs/cagoapi/cores/framework/web/filters/CInlineFilter.php(58): CController->filterAccessControl(Object(CFilterChain))
#5 /Volumes/DATA/htdocs/cagoapi/cores/framework/web/filters/CFilterChain.php(130): CInlineFilter->filter(Object(CFilterChain))
#6 /Volumes/DATA/htdocs/cagoapi/cores/framework/web/CController.php(291): CFilterChain->run()
#7 /Volumes/DATA/htdocs/cagoapi/cores/framework/web/CController.php(265): CController->runActionWithFilters(Object(EActionRestGET), Array)
#8 /Volumes/DATA/htdocs/cagoapi/cores/framework/web/CWebApplication.php(282): CController->run('REST.GET')
#9 /Volumes/DATA/htdocs/cagoapi/cores/framework/web/CWebApplication.php(141): CWebApplication->runController('work/REST.GET')
#10 /Volumes/DATA/htdocs/cagoapi/cores/framework/base/CApplication.php(180): CWebApplication->processRequest()
#11 /Volumes/DATA/htdocs/cagoapi/index.php(13): CApplication->run()
#12 {main}
REQUEST_URI=/cagoapi/index.php/api/work
---
2013/10/17 15:10:46 [error] [exception.CHttpException.401] exception 'CHttpException' with message 'Unauthorized' in /Volumes/DATA/htdocs/cagoapi/protected/extensions/starship/RestfullYii/filters/ERestFilter.php:48
Stack trace:
#0 /Volumes/DATA/htdocs/cagoapi/cores/framework/web/filters/CFilter.php(38): ERestFilter->preFilter(Object(CFilterChain))
#1 /Volumes/DATA/htdocs/cagoapi/cores/framework/web/filters/CFilterChain.php(130): CFilter->filter(Object(CFilterChain))
#2 /Volumes/DATA/htdocs/cagoapi/cores/framework/web/filters/CFilter.php(40): CFilterChain->run()
#3 /Volumes/DATA/htdocs/cagoapi/cores/framework/web/CController.php(1145): CFilter->filter(Object(CFilterChain))
#4 /Volumes/DATA/htdocs/cagoapi/cores/framework/web/filters/CInlineFilter.php(58): CController->filterAccessControl(Object(CFilterChain))
#5 /Volumes/DATA/htdocs/cagoapi/cores/framework/web/filters/CFilterChain.php(130): CInlineFilter->filter(Object(CFilterChain))
#6 /Volumes/DATA/htdocs/cagoapi/cores/framework/web/CController.php(291): CFilterChain->run()
#7 /Volumes/DATA/htdocs/cagoapi/cores/framework/web/CController.php(265): CController->runActionWithFilters(Object(EActionRestGET), Array)
#8 /Volumes/DATA/htdocs/cagoapi/cores/framework/web/CWebApplication.php(282): CController->run('REST.GET')
#9 /Volumes/DATA/htdocs/cagoapi/cores/framework/web/CWebApplication.php(141): CWebApplication->runController('work/REST.GET')
#10 /Volumes/DATA/htdocs/cagoapi/cores/framework/base/CApplication.php(180): CWebApplication->processRequest()
#11 /Volumes/DATA/htdocs/cagoapi/index.php(13): CApplication->run()
#12 {main}
REQUEST_URI=/cagoapi/index.php/api/work
---
2013/10/17 15:10:46 [error] [exception.CHttpException.401] exception 'CHttpException' with message 'Unauthorized' in /Volumes/DATA/htdocs/cagoapi/protected/extensions/starship/RestfullYii/filters/ERestFilter.php:48
Stack trace:
#0 /Volumes/DATA/htdocs/cagoapi/cores/framework/web/filters/CFilter.php(38): ERestFilter->preFilter(Object(CFilterChain))
#1 /Volumes/DATA/htdocs/cagoapi/cores/framework/web/filters/CFilterChain.php(130): CFilter->filter(Object(CFilterChain))
#2 /Volumes/DATA/htdocs/cagoapi/cores/framework/web/filters/CFilter.php(40): CFilterChain->run()
#3 /Volumes/DATA/htdocs/cagoapi/cores/framework/web/CController.php(1145): CFilter->filter(Object(CFilterChain))
#4 /Volumes/DATA/htdocs/cagoapi/cores/framework/web/filters/CInlineFilter.php(58): CController->filterAccessControl(Object(CFilterChain))
#5 /Volumes/DATA/htdocs/cagoapi/cores/framework/web/filters/CFilterChain.php(130): CInlineFilter->filter(Object(CFilterChain))
#6 /Volumes/DATA/htdocs/cagoapi/cores/framework/web/CController.php(291): CFilterChain->run()
#7 /Volumes/DATA/htdocs/cagoapi/cores/framework/web/CController.php(265): CController->runActionWithFilters(Object(EActionRestGET), Array)
#8 /Volumes/DATA/htdocs/cagoapi/cores/framework/web/CWebApplication.php(282): CController->run('REST.GET')
#9 /Volumes/DATA/htdocs/cagoapi/cores/framework/web/CWebApplication.php(141): CWebApplication->runController('work/REST.GET')
#10 /Volumes/DATA/htdocs/cagoapi/cores/framework/base/CApplication.php(180): CWebApplication->processRequest()
#11 /Volumes/DATA/htdocs/cagoapi/index.php(13): CApplication->run()
#12 {main}
REQUEST_URI=/cagoapi/index.php/api/work
---
2013/10/17 15:10:46 [error] [exception.CHttpException.401] exception 'CHttpException' with message 'Unauthorized' in /Volumes/DATA/htdocs/cagoapi/protected/extensions/starship/RestfullYii/filters/ERestFilter.php:48
Stack trace:
#0 /Volumes/DATA/htdocs/cagoapi/cores/framework/web/filters/CFilter.php(38): ERestFilter->preFilter(Object(CFilterChain))
#1 /Volumes/DATA/htdocs/cagoapi/cores/framework/web/filters/CFilterChain.php(130): CFilter->filter(Object(CFilterChain))
#2 /Volumes/DATA/htdocs/cagoapi/cores/framework/web/filters/CFilter.php(40): CFilterChain->run()
#3 /Volumes/DATA/htdocs/cagoapi/cores/framework/web/CController.php(1145): CFilter->filter(Object(CFilterChain))
#4 /Volumes/DATA/htdocs/cagoapi/cores/framework/web/filters/CInlineFilter.php(58): CController->filterAccessControl(Object(CFilterChain))
#5 /Volumes/DATA/htdocs/cagoapi/cores/framework/web/filters/CFilterChain.php(130): CInlineFilter->filter(Object(CFilterChain))
#6 /Volumes/DATA/htdocs/cagoapi/cores/framework/web/CController.php(291): CFilterChain->run()
#7 /Volumes/DATA/htdocs/cagoapi/cores/framework/web/CController.php(265): CController->runActionWithFilters(Object(EActionRestGET), Array)
#8 /Volumes/DATA/htdocs/cagoapi/cores/framework/web/CWebApplication.php(282): CController->run('REST.GET')
#9 /Volumes/DATA/htdocs/cagoapi/cores/framework/web/CWebApplication.php(141): CWebApplication->runController('work/REST.GET')
#10 /Volumes/DATA/htdocs/cagoapi/cores/framework/base/CApplication.php(180): CWebApplication->processRequest()
#11 /Volumes/DATA/htdocs/cagoapi/index.php(13): CApplication->run()
#12 {main}
REQUEST_URI=/cagoapi/index.php/api/work
---
2013/10/17 15:10:47 [error] [exception.CHttpException.401] exception 'CHttpException' with message 'Unauthorized' in /Volumes/DATA/htdocs/cagoapi/protected/extensions/starship/RestfullYii/filters/ERestFilter.php:48
Stack trace:
#0 /Volumes/DATA/htdocs/cagoapi/cores/framework/web/filters/CFilter.php(38): ERestFilter->preFilter(Object(CFilterChain))
#1 /Volumes/DATA/htdocs/cagoapi/cores/framework/web/filters/CFilterChain.php(130): CFilter->filter(Object(CFilterChain))
#2 /Volumes/DATA/htdocs/cagoapi/cores/framework/web/filters/CFilter.php(40): CFilterChain->run()
#3 /Volumes/DATA/htdocs/cagoapi/cores/framework/web/CController.php(1145): CFilter->filter(Object(CFilterChain))
#4 /Volumes/DATA/htdocs/cagoapi/cores/framework/web/filters/CInlineFilter.php(58): CController->filterAccessControl(Object(CFilterChain))
#5 /Volumes/DATA/htdocs/cagoapi/cores/framework/web/filters/CFilterChain.php(130): CInlineFilter->filter(Object(CFilterChain))
#6 /Volumes/DATA/htdocs/cagoapi/cores/framework/web/CController.php(291): CFilterChain->run()
#7 /Volumes/DATA/htdocs/cagoapi/cores/framework/web/CController.php(265): CController->runActionWithFilters(Object(EActionRestGET), Array)
#8 /Volumes/DATA/htdocs/cagoapi/cores/framework/web/CWebApplication.php(282): CController->run('REST.GET')
#9 /Volumes/DATA/htdocs/cagoapi/cores/framework/web/CWebApplication.php(141): CWebApplication->runController('work/REST.GET')
#10 /Volumes/DATA/htdocs/cagoapi/cores/framework/base/CApplication.php(180): CWebApplication->processRequest()
#11 /Volumes/DATA/htdocs/cagoapi/index.php(13): CApplication->run()
#12 {main}
REQUEST_URI=/cagoapi/index.php/api/work
---
2013/10/17 15:10:47 [error] [exception.CHttpException.401] exception 'CHttpException' with message 'Unauthorized' in /Volumes/DATA/htdocs/cagoapi/protected/extensions/starship/RestfullYii/filters/ERestFilter.php:48
Stack trace:
#0 /Volumes/DATA/htdocs/cagoapi/cores/framework/web/filters/CFilter.php(38): ERestFilter->preFilter(Object(CFilterChain))
#1 /Volumes/DATA/htdocs/cagoapi/cores/framework/web/filters/CFilterChain.php(130): CFilter->filter(Object(CFilterChain))
#2 /Volumes/DATA/htdocs/cagoapi/cores/framework/web/filters/CFilter.php(40): CFilterChain->run()
#3 /Volumes/DATA/htdocs/cagoapi/cores/framework/web/CController.php(1145): CFilter->filter(Object(CFilterChain))
#4 /Volumes/DATA/htdocs/cagoapi/cores/framework/web/filters/CInlineFilter.php(58): CController->filterAccessControl(Object(CFilterChain))
#5 /Volumes/DATA/htdocs/cagoapi/cores/framework/web/filters/CFilterChain.php(130): CInlineFilter->filter(Object(CFilterChain))
#6 /Volumes/DATA/htdocs/cagoapi/cores/framework/web/CController.php(291): CFilterChain->run()
#7 /Volumes/DATA/htdocs/cagoapi/cores/framework/web/CController.php(265): CController->runActionWithFilters(Object(EActionRestGET), Array)
#8 /Volumes/DATA/htdocs/cagoapi/cores/framework/web/CWebApplication.php(282): CController->run('REST.GET')
#9 /Volumes/DATA/htdocs/cagoapi/cores/framework/web/CWebApplication.php(141): CWebApplication->runController('work/REST.GET')
#10 /Volumes/DATA/htdocs/cagoapi/cores/framework/base/CApplication.php(180): CWebApplication->processRequest()
#11 /Volumes/DATA/htdocs/cagoapi/index.php(13): CApplication->run()
#12 {main}
REQUEST_URI=/cagoapi/index.php/api/work
---
2013/10/17 15:10:48 [error] [exception.CHttpException.401] exception 'CHttpException' with message 'Unauthorized' in /Volumes/DATA/htdocs/cagoapi/protected/extensions/starship/RestfullYii/filters/ERestFilter.php:48
Stack trace:
#0 /Volumes/DATA/htdocs/cagoapi/cores/framework/web/filters/CFilter.php(38): ERestFilter->preFilter(Object(CFilterChain))
#1 /Volumes/DATA/htdocs/cagoapi/cores/framework/web/filters/CFilterChain.php(130): CFilter->filter(Object(CFilterChain))
#2 /Volumes/DATA/htdocs/cagoapi/cores/framework/web/filters/CFilter.php(40): CFilterChain->run()
#3 /Volumes/DATA/htdocs/cagoapi/cores/framework/web/CController.php(1145): CFilter->filter(Object(CFilterChain))
#4 /Volumes/DATA/htdocs/cagoapi/cores/framework/web/filters/CInlineFilter.php(58): CController->filterAccessControl(Object(CFilterChain))
#5 /Volumes/DATA/htdocs/cagoapi/cores/framework/web/filters/CFilterChain.php(130): CInlineFilter->filter(Object(CFilterChain))
#6 /Volumes/DATA/htdocs/cagoapi/cores/framework/web/CController.php(291): CFilterChain->run()
#7 /Volumes/DATA/htdocs/cagoapi/cores/framework/web/CController.php(265): CController->runActionWithFilters(Object(EActionRestGET), Array)
#8 /Volumes/DATA/htdocs/cagoapi/cores/framework/web/CWebApplication.php(282): CController->run('REST.GET')
#9 /Volumes/DATA/htdocs/cagoapi/cores/framework/web/CWebApplication.php(141): CWebApplication->runController('work/REST.GET')
#10 /Volumes/DATA/htdocs/cagoapi/cores/framework/base/CApplication.php(180): CWebApplication->processRequest()
#11 /Volumes/DATA/htdocs/cagoapi/index.php(13): CApplication->run()
#12 {main}
REQUEST_URI=/cagoapi/index.php/api/work
---
2013/10/17 15:10:52 [error] [exception.CHttpException.401] exception 'CHttpException' with message 'Unauthorized' in /Volumes/DATA/htdocs/cagoapi/protected/extensions/starship/RestfullYii/filters/ERestFilter.php:48
Stack trace:
#0 /Volumes/DATA/htdocs/cagoapi/cores/framework/web/filters/CFilter.php(38): ERestFilter->preFilter(Object(CFilterChain))
#1 /Volumes/DATA/htdocs/cagoapi/cores/framework/web/filters/CFilterChain.php(130): CFilter->filter(Object(CFilterChain))
#2 /Volumes/DATA/htdocs/cagoapi/cores/framework/web/filters/CFilter.php(40): CFilterChain->run()
#3 /Volumes/DATA/htdocs/cagoapi/cores/framework/web/CController.php(1145): CFilter->filter(Object(CFilterChain))
#4 /Volumes/DATA/htdocs/cagoapi/cores/framework/web/filters/CInlineFilter.php(58): CController->filterAccessControl(Object(CFilterChain))
#5 /Volumes/DATA/htdocs/cagoapi/cores/framework/web/filters/CFilterChain.php(130): CInlineFilter->filter(Object(CFilterChain))
#6 /Volumes/DATA/htdocs/cagoapi/cores/framework/web/CController.php(291): CFilterChain->run()
#7 /Volumes/DATA/htdocs/cagoapi/cores/framework/web/CController.php(265): CController->runActionWithFilters(Object(EActionRestGET), Array)
#8 /Volumes/DATA/htdocs/cagoapi/cores/framework/web/CWebApplication.php(282): CController->run('REST.GET')
#9 /Volumes/DATA/htdocs/cagoapi/cores/framework/web/CWebApplication.php(141): CWebApplication->runController('work/REST.GET')
#10 /Volumes/DATA/htdocs/cagoapi/cores/framework/base/CApplication.php(180): CWebApplication->processRequest()
#11 /Volumes/DATA/htdocs/cagoapi/index.php(13): CApplication->run()
#12 {main}
REQUEST_URI=/cagoapi/index.php/api/work/1
---
2013/10/17 15:11:11 [error] [exception.CHttpException.401] exception 'CHttpException' with message 'Unauthorized' in /Volumes/DATA/htdocs/cagoapi/protected/extensions/starship/RestfullYii/filters/ERestFilter.php:48
Stack trace:
#0 /Volumes/DATA/htdocs/cagoapi/cores/framework/web/filters/CFilter.php(38): ERestFilter->preFilter(Object(CFilterChain))
#1 /Volumes/DATA/htdocs/cagoapi/cores/framework/web/filters/CFilterChain.php(130): CFilter->filter(Object(CFilterChain))
#2 /Volumes/DATA/htdocs/cagoapi/cores/framework/web/filters/CFilter.php(40): CFilterChain->run()
#3 /Volumes/DATA/htdocs/cagoapi/cores/framework/web/CController.php(1145): CFilter->filter(Object(CFilterChain))
#4 /Volumes/DATA/htdocs/cagoapi/cores/framework/web/filters/CInlineFilter.php(58): CController->filterAccessControl(Object(CFilterChain))
#5 /Volumes/DATA/htdocs/cagoapi/cores/framework/web/filters/CFilterChain.php(130): CInlineFilter->filter(Object(CFilterChain))
#6 /Volumes/DATA/htdocs/cagoapi/cores/framework/web/CController.php(291): CFilterChain->run()
#7 /Volumes/DATA/htdocs/cagoapi/cores/framework/web/CController.php(265): CController->runActionWithFilters(Object(EActionRestGET), Array)
#8 /Volumes/DATA/htdocs/cagoapi/cores/framework/web/CWebApplication.php(282): CController->run('REST.GET')
#9 /Volumes/DATA/htdocs/cagoapi/cores/framework/web/CWebApplication.php(141): CWebApplication->runController('work/REST.GET')
#10 /Volumes/DATA/htdocs/cagoapi/cores/framework/base/CApplication.php(180): CWebApplication->processRequest()
#11 /Volumes/DATA/htdocs/cagoapi/index.php(13): CApplication->run()
#12 {main}
REQUEST_URI=/cagoapi/index.php/api/work
---
2013/10/17 15:11:34 [error] [exception.CHttpException.401] exception 'CHttpException' with message 'Unauthorized' in /Volumes/DATA/htdocs/cagoapi/protected/extensions/starship/RestfullYii/filters/ERestFilter.php:48
Stack trace:
#0 /Volumes/DATA/htdocs/cagoapi/cores/framework/web/filters/CFilter.php(38): ERestFilter->preFilter(Object(CFilterChain))
#1 /Volumes/DATA/htdocs/cagoapi/cores/framework/web/filters/CFilterChain.php(130): CFilter->filter(Object(CFilterChain))
#2 /Volumes/DATA/htdocs/cagoapi/cores/framework/web/filters/CFilter.php(40): CFilterChain->run()
#3 /Volumes/DATA/htdocs/cagoapi/cores/framework/web/CController.php(1145): CFilter->filter(Object(CFilterChain))
#4 /Volumes/DATA/htdocs/cagoapi/cores/framework/web/filters/CInlineFilter.php(58): CController->filterAccessControl(Object(CFilterChain))
#5 /Volumes/DATA/htdocs/cagoapi/cores/framework/web/filters/CFilterChain.php(130): CInlineFilter->filter(Object(CFilterChain))
#6 /Volumes/DATA/htdocs/cagoapi/cores/framework/web/CController.php(291): CFilterChain->run()
#7 /Volumes/DATA/htdocs/cagoapi/cores/framework/web/CController.php(265): CController->runActionWithFilters(Object(EActionRestGET), Array)
#8 /Volumes/DATA/htdocs/cagoapi/cores/framework/web/CWebApplication.php(282): CController->run('REST.GET')
#9 /Volumes/DATA/htdocs/cagoapi/cores/framework/web/CWebApplication.php(141): CWebApplication->runController('work/REST.GET')
#10 /Volumes/DATA/htdocs/cagoapi/cores/framework/base/CApplication.php(180): CWebApplication->processRequest()
#11 /Volumes/DATA/htdocs/cagoapi/index.php(13): CApplication->run()
#12 {main}
REQUEST_URI=/cagoapi/index.php/api/work
---
2013/10/17 15:12:07 [error] [exception.CHttpException.401] exception 'CHttpException' with message 'Unauthorized' in /Volumes/DATA/htdocs/cagoapi/protected/extensions/starship/RestfullYii/filters/ERestFilter.php:48
Stack trace:
#0 /Volumes/DATA/htdocs/cagoapi/cores/framework/web/filters/CFilter.php(38): ERestFilter->preFilter(Object(CFilterChain))
#1 /Volumes/DATA/htdocs/cagoapi/cores/framework/web/filters/CFilterChain.php(130): CFilter->filter(Object(CFilterChain))
#2 /Volumes/DATA/htdocs/cagoapi/cores/framework/web/filters/CFilter.php(40): CFilterChain->run()
#3 /Volumes/DATA/htdocs/cagoapi/cores/framework/web/CController.php(1145): CFilter->filter(Object(CFilterChain))
#4 /Volumes/DATA/htdocs/cagoapi/cores/framework/web/filters/CInlineFilter.php(58): CController->filterAccessControl(Object(CFilterChain))
#5 /Volumes/DATA/htdocs/cagoapi/cores/framework/web/filters/CFilterChain.php(130): CInlineFilter->filter(Object(CFilterChain))
#6 /Volumes/DATA/htdocs/cagoapi/cores/framework/web/CController.php(291): CFilterChain->run()
#7 /Volumes/DATA/htdocs/cagoapi/cores/framework/web/CController.php(265): CController->runActionWithFilters(Object(EActionRestGET), Array)
#8 /Volumes/DATA/htdocs/cagoapi/cores/framework/web/CWebApplication.php(282): CController->run('REST.GET')
#9 /Volumes/DATA/htdocs/cagoapi/cores/framework/web/CWebApplication.php(141): CWebApplication->runController('work/REST.GET')
#10 /Volumes/DATA/htdocs/cagoapi/cores/framework/base/CApplication.php(180): CWebApplication->processRequest()
#11 /Volumes/DATA/htdocs/cagoapi/index.php(13): CApplication->run()
#12 {main}
REQUEST_URI=/cagoapi/index.php/api/work
---
2013/10/17 15:12:17 [error] [exception.CHttpException.401] exception 'CHttpException' with message 'Unauthorized' in /Volumes/DATA/htdocs/cagoapi/protected/extensions/starship/RestfullYii/filters/ERestFilter.php:48
Stack trace:
#0 /Volumes/DATA/htdocs/cagoapi/cores/framework/web/filters/CFilter.php(38): ERestFilter->preFilter(Object(CFilterChain))
#1 /Volumes/DATA/htdocs/cagoapi/cores/framework/web/filters/CFilterChain.php(130): CFilter->filter(Object(CFilterChain))
#2 /Volumes/DATA/htdocs/cagoapi/cores/framework/web/filters/CFilter.php(40): CFilterChain->run()
#3 /Volumes/DATA/htdocs/cagoapi/cores/framework/web/CController.php(1145): CFilter->filter(Object(CFilterChain))
#4 /Volumes/DATA/htdocs/cagoapi/cores/framework/web/filters/CInlineFilter.php(58): CController->filterAccessControl(Object(CFilterChain))
#5 /Volumes/DATA/htdocs/cagoapi/cores/framework/web/filters/CFilterChain.php(130): CInlineFilter->filter(Object(CFilterChain))
#6 /Volumes/DATA/htdocs/cagoapi/cores/framework/web/CController.php(291): CFilterChain->run()
#7 /Volumes/DATA/htdocs/cagoapi/cores/framework/web/CController.php(265): CController->runActionWithFilters(Object(EActionRestGET), Array)
#8 /Volumes/DATA/htdocs/cagoapi/cores/framework/web/CWebApplication.php(282): CController->run('REST.GET')
#9 /Volumes/DATA/htdocs/cagoapi/cores/framework/web/CWebApplication.php(141): CWebApplication->runController('work/REST.GET')
#10 /Volumes/DATA/htdocs/cagoapi/cores/framework/base/CApplication.php(180): CWebApplication->processRequest()
#11 /Volumes/DATA/htdocs/cagoapi/index.php(13): CApplication->run()
#12 {main}
REQUEST_URI=/cagoapi/index.php/api/work
---
2013/10/18 04:10:52 [error] [exception.CHttpException.401] exception 'CHttpException' with message 'Unauthorized' in /Volumes/DATA/htdocs/cagoapi/protected/extensions/starship/RestfullYii/filters/ERestFilter.php:48
Stack trace:
#0 /Volumes/DATA/htdocs/cagoapi/cores/framework/web/filters/CFilter.php(38): ERestFilter->preFilter(Object(CFilterChain))
#1 /Volumes/DATA/htdocs/cagoapi/cores/framework/web/filters/CFilterChain.php(130): CFilter->filter(Object(CFilterChain))
#2 /Volumes/DATA/htdocs/cagoapi/cores/framework/web/filters/CFilter.php(40): CFilterChain->run()
#3 /Volumes/DATA/htdocs/cagoapi/cores/framework/web/CController.php(1145): CFilter->filter(Object(CFilterChain))
#4 /Volumes/DATA/htdocs/cagoapi/cores/framework/web/filters/CInlineFilter.php(58): CController->filterAccessControl(Object(CFilterChain))
#5 /Volumes/DATA/htdocs/cagoapi/cores/framework/web/filters/CFilterChain.php(130): CInlineFilter->filter(Object(CFilterChain))
#6 /Volumes/DATA/htdocs/cagoapi/cores/framework/web/CController.php(291): CFilterChain->run()
#7 /Volumes/DATA/htdocs/cagoapi/cores/framework/web/CController.php(265): CController->runActionWithFilters(Object(EActionRestGET), Array)
#8 /Volumes/DATA/htdocs/cagoapi/cores/framework/web/CWebApplication.php(282): CController->run('REST.GET')
#9 /Volumes/DATA/htdocs/cagoapi/cores/framework/web/CWebApplication.php(141): CWebApplication->runController('work/REST.GET')
#10 /Volumes/DATA/htdocs/cagoapi/cores/framework/base/CApplication.php(180): CWebApplication->processRequest()
#11 /Volumes/DATA/htdocs/cagoapi/index.php(13): CApplication->run()
#12 {main}
REQUEST_URI=/cagoapi/index.php/api/work
---
2013/10/18 04:10:59 [error] [exception.CHttpException.401] exception 'CHttpException' with message 'Unauthorized' in /Volumes/DATA/htdocs/cagoapi/protected/extensions/starship/RestfullYii/filters/ERestFilter.php:48
Stack trace:
#0 /Volumes/DATA/htdocs/cagoapi/cores/framework/web/filters/CFilter.php(38): ERestFilter->preFilter(Object(CFilterChain))
#1 /Volumes/DATA/htdocs/cagoapi/cores/framework/web/filters/CFilterChain.php(130): CFilter->filter(Object(CFilterChain))
#2 /Volumes/DATA/htdocs/cagoapi/cores/framework/web/filters/CFilter.php(40): CFilterChain->run()
#3 /Volumes/DATA/htdocs/cagoapi/cores/framework/web/CController.php(1145): CFilter->filter(Object(CFilterChain))
#4 /Volumes/DATA/htdocs/cagoapi/cores/framework/web/filters/CInlineFilter.php(58): CController->filterAccessControl(Object(CFilterChain))
#5 /Volumes/DATA/htdocs/cagoapi/cores/framework/web/filters/CFilterChain.php(130): CInlineFilter->filter(Object(CFilterChain))
#6 /Volumes/DATA/htdocs/cagoapi/cores/framework/web/CController.php(291): CFilterChain->run()
#7 /Volumes/DATA/htdocs/cagoapi/cores/framework/web/CController.php(265): CController->runActionWithFilters(Object(EActionRestGET), Array)
#8 /Volumes/DATA/htdocs/cagoapi/cores/framework/web/CWebApplication.php(282): CController->run('REST.GET')
#9 /Volumes/DATA/htdocs/cagoapi/cores/framework/web/CWebApplication.php(141): CWebApplication->runController('work/REST.GET')
#10 /Volumes/DATA/htdocs/cagoapi/cores/framework/base/CApplication.php(180): CWebApplication->processRequest()
#11 /Volumes/DATA/htdocs/cagoapi/index.php(13): CApplication->run()
#12 {main}
REQUEST_URI=/cagoapi/index.php/api/work
---
2013/10/18 04:12:37 [error] [exception.CHttpException.401] exception 'CHttpException' with message 'Unauthorized' in /Volumes/DATA/htdocs/cagoapi/protected/extensions/starship/RestfullYii/filters/ERestFilter.php:48
Stack trace:
#0 /Volumes/DATA/htdocs/cagoapi/cores/framework/web/filters/CFilter.php(38): ERestFilter->preFilter(Object(CFilterChain))
#1 /Volumes/DATA/htdocs/cagoapi/cores/framework/web/filters/CFilterChain.php(130): CFilter->filter(Object(CFilterChain))
#2 /Volumes/DATA/htdocs/cagoapi/cores/framework/web/filters/CFilter.php(40): CFilterChain->run()
#3 /Volumes/DATA/htdocs/cagoapi/cores/framework/web/CController.php(1145): CFilter->filter(Object(CFilterChain))
#4 /Volumes/DATA/htdocs/cagoapi/cores/framework/web/filters/CInlineFilter.php(58): CController->filterAccessControl(Object(CFilterChain))
#5 /Volumes/DATA/htdocs/cagoapi/cores/framework/web/filters/CFilterChain.php(130): CInlineFilter->filter(Object(CFilterChain))
#6 /Volumes/DATA/htdocs/cagoapi/cores/framework/web/CController.php(291): CFilterChain->run()
#7 /Volumes/DATA/htdocs/cagoapi/cores/framework/web/CController.php(265): CController->runActionWithFilters(Object(EActionRestGET), Array)
#8 /Volumes/DATA/htdocs/cagoapi/cores/framework/web/CWebApplication.php(282): CController->run('REST.GET')
#9 /Volumes/DATA/htdocs/cagoapi/cores/framework/web/CWebApplication.php(141): CWebApplication->runController('work/REST.GET')
#10 /Volumes/DATA/htdocs/cagoapi/cores/framework/base/CApplication.php(180): CWebApplication->processRequest()
#11 /Volumes/DATA/htdocs/cagoapi/index.php(13): CApplication->run()
#12 {main}
REQUEST_URI=/cagoapi/api/work
---
2013/10/18 04:12:57 [error] [exception.CHttpException.401] exception 'CHttpException' with message 'Unauthorized' in /Volumes/DATA/htdocs/cagoapi/protected/extensions/starship/RestfullYii/filters/ERestFilter.php:48
Stack trace:
#0 /Volumes/DATA/htdocs/cagoapi/cores/framework/web/filters/CFilter.php(38): ERestFilter->preFilter(Object(CFilterChain))
#1 /Volumes/DATA/htdocs/cagoapi/cores/framework/web/filters/CFilterChain.php(130): CFilter->filter(Object(CFilterChain))
#2 /Volumes/DATA/htdocs/cagoapi/cores/framework/web/filters/CFilter.php(40): CFilterChain->run()
#3 /Volumes/DATA/htdocs/cagoapi/cores/framework/web/CController.php(1145): CFilter->filter(Object(CFilterChain))
#4 /Volumes/DATA/htdocs/cagoapi/cores/framework/web/filters/CInlineFilter.php(58): CController->filterAccessControl(Object(CFilterChain))
#5 /Volumes/DATA/htdocs/cagoapi/cores/framework/web/filters/CFilterChain.php(130): CInlineFilter->filter(Object(CFilterChain))
#6 /Volumes/DATA/htdocs/cagoapi/cores/framework/web/CController.php(291): CFilterChain->run()
#7 /Volumes/DATA/htdocs/cagoapi/cores/framework/web/CController.php(265): CController->runActionWithFilters(Object(EActionRestGET), Array)
#8 /Volumes/DATA/htdocs/cagoapi/cores/framework/web/CWebApplication.php(282): CController->run('REST.GET')
#9 /Volumes/DATA/htdocs/cagoapi/cores/framework/web/CWebApplication.php(141): CWebApplication->runController('user/REST.GET')
#10 /Volumes/DATA/htdocs/cagoapi/cores/framework/base/CApplication.php(180): CWebApplication->processRequest()
#11 /Volumes/DATA/htdocs/cagoapi/index.php(13): CApplication->run()
#12 {main}
REQUEST_URI=/cagoapi/api/user
---
2013/10/18 04:13:02 [error] [exception.CHttpException.401] exception 'CHttpException' with message 'Unauthorized' in /Volumes/DATA/htdocs/cagoapi/protected/extensions/starship/RestfullYii/filters/ERestFilter.php:48
Stack trace:
#0 /Volumes/DATA/htdocs/cagoapi/cores/framework/web/filters/CFilter.php(38): ERestFilter->preFilter(Object(CFilterChain))
#1 /Volumes/DATA/htdocs/cagoapi/cores/framework/web/filters/CFilterChain.php(130): CFilter->filter(Object(CFilterChain))
#2 /Volumes/DATA/htdocs/cagoapi/cores/framework/web/filters/CFilter.php(40): CFilterChain->run()
#3 /Volumes/DATA/htdocs/cagoapi/cores/framework/web/CController.php(1145): CFilter->filter(Object(CFilterChain))
#4 /Volumes/DATA/htdocs/cagoapi/cores/framework/web/filters/CInlineFilter.php(58): CController->filterAccessControl(Object(CFilterChain))
#5 /Volumes/DATA/htdocs/cagoapi/cores/framework/web/filters/CFilterChain.php(130): CInlineFilter->filter(Object(CFilterChain))
#6 /Volumes/DATA/htdocs/cagoapi/cores/framework/web/CController.php(291): CFilterChain->run()
#7 /Volumes/DATA/htdocs/cagoapi/cores/framework/web/CController.php(265): CController->runActionWithFilters(Object(EActionRestGET), Array)
#8 /Volumes/DATA/htdocs/cagoapi/cores/framework/web/CWebApplication.php(282): CController->run('REST.GET')
#9 /Volumes/DATA/htdocs/cagoapi/cores/framework/web/CWebApplication.php(141): CWebApplication->runController('user/REST.GET')
#10 /Volumes/DATA/htdocs/cagoapi/cores/framework/base/CApplication.php(180): CWebApplication->processRequest()
#11 /Volumes/DATA/htdocs/cagoapi/index.php(13): CApplication->run()
#12 {main}
REQUEST_URI=/cagoapi/api/user
---
2013/10/18 04:25:01 [error] [exception.CHttpException.401] exception 'CHttpException' with message 'Unauthorized' in /Volumes/DATA/htdocs/cagoapi/protected/extensions/starship/RestfullYii/filters/ERestFilter.php:48
Stack trace:
#0 /Volumes/DATA/htdocs/cagoapi/cores/framework/web/filters/CFilter.php(38): ERestFilter->preFilter(Object(CFilterChain))
#1 /Volumes/DATA/htdocs/cagoapi/cores/framework/web/filters/CFilterChain.php(130): CFilter->filter(Object(CFilterChain))
#2 /Volumes/DATA/htdocs/cagoapi/cores/framework/web/filters/CFilter.php(40): CFilterChain->run()
#3 /Volumes/DATA/htdocs/cagoapi/cores/framework/web/CController.php(1145): CFilter->filter(Object(CFilterChain))
#4 /Volumes/DATA/htdocs/cagoapi/cores/framework/web/filters/CInlineFilter.php(58): CController->filterAccessControl(Object(CFilterChain))
#5 /Volumes/DATA/htdocs/cagoapi/cores/framework/web/filters/CFilterChain.php(130): CInlineFilter->filter(Object(CFilterChain))
#6 /Volumes/DATA/htdocs/cagoapi/cores/framework/web/CController.php(291): CFilterChain->run()
#7 /Volumes/DATA/htdocs/cagoapi/cores/framework/web/CController.php(265): CController->runActionWithFilters(Object(EActionRestGET), Array)
#8 /Volumes/DATA/htdocs/cagoapi/cores/framework/web/CWebApplication.php(282): CController->run('REST.GET')
#9 /Volumes/DATA/htdocs/cagoapi/cores/framework/web/CWebApplication.php(141): CWebApplication->runController('user/REST.GET')
#10 /Volumes/DATA/htdocs/cagoapi/cores/framework/base/CApplication.php(180): CWebApplication->processRequest()
#11 /Volumes/DATA/htdocs/cagoapi/index.php(13): CApplication->run()
#12 {main}
REQUEST_URI=/cagoapi/api/user
---
2013/10/18 04:25:15 [error] [exception.CHttpException.401] exception 'CHttpException' with message 'Unauthorized' in /Volumes/DATA/htdocs/cagoapi/protected/extensions/starship/RestfullYii/filters/ERestFilter.php:48
Stack trace:
#0 /Volumes/DATA/htdocs/cagoapi/cores/framework/web/filters/CFilter.php(38): ERestFilter->preFilter(Object(CFilterChain))
#1 /Volumes/DATA/htdocs/cagoapi/cores/framework/web/filters/CFilterChain.php(130): CFilter->filter(Object(CFilterChain))
#2 /Volumes/DATA/htdocs/cagoapi/cores/framework/web/filters/CFilter.php(40): CFilterChain->run()
#3 /Volumes/DATA/htdocs/cagoapi/cores/framework/web/CController.php(1145): CFilter->filter(Object(CFilterChain))
#4 /Volumes/DATA/htdocs/cagoapi/cores/framework/web/filters/CInlineFilter.php(58): CController->filterAccessControl(Object(CFilterChain))
#5 /Volumes/DATA/htdocs/cagoapi/cores/framework/web/filters/CFilterChain.php(130): CInlineFilter->filter(Object(CFilterChain))
#6 /Volumes/DATA/htdocs/cagoapi/cores/framework/web/CController.php(291): CFilterChain->run()
#7 /Volumes/DATA/htdocs/cagoapi/cores/framework/web/CController.php(265): CController->runActionWithFilters(Object(EActionRestGET), Array)
#8 /Volumes/DATA/htdocs/cagoapi/cores/framework/web/CWebApplication.php(282): CController->run('REST.GET')
#9 /Volumes/DATA/htdocs/cagoapi/cores/framework/web/CWebApplication.php(141): CWebApplication->runController('user/REST.GET')
#10 /Volumes/DATA/htdocs/cagoapi/cores/framework/base/CApplication.php(180): CWebApplication->processRequest()
#11 /Volumes/DATA/htdocs/cagoapi/index.php(13): CApplication->run()
#12 {main}
REQUEST_URI=/cagoapi/api/user
---
2013/10/18 04:26:32 [error] [exception.CHttpException.401] exception 'CHttpException' with message 'Unauthorized' in /Volumes/DATA/htdocs/cagoapi/protected/extensions/starship/RestfullYii/filters/ERestFilter.php:48
Stack trace:
#0 /Volumes/DATA/htdocs/cagoapi/cores/framework/web/filters/CFilter.php(38): ERestFilter->preFilter(Object(CFilterChain))
#1 /Volumes/DATA/htdocs/cagoapi/cores/framework/web/filters/CFilterChain.php(130): CFilter->filter(Object(CFilterChain))
#2 /Volumes/DATA/htdocs/cagoapi/cores/framework/web/filters/CFilter.php(40): CFilterChain->run()
#3 /Volumes/DATA/htdocs/cagoapi/cores/framework/web/CController.php(1145): CFilter->filter(Object(CFilterChain))
#4 /Volumes/DATA/htdocs/cagoapi/cores/framework/web/filters/CInlineFilter.php(58): CController->filterAccessControl(Object(CFilterChain))
#5 /Volumes/DATA/htdocs/cagoapi/cores/framework/web/filters/CFilterChain.php(130): CInlineFilter->filter(Object(CFilterChain))
#6 /Volumes/DATA/htdocs/cagoapi/cores/framework/web/CController.php(291): CFilterChain->run()
#7 /Volumes/DATA/htdocs/cagoapi/cores/framework/web/CController.php(265): CController->runActionWithFilters(Object(EActionRestGET), Array)
#8 /Volumes/DATA/htdocs/cagoapi/cores/framework/web/CWebApplication.php(282): CController->run('REST.GET')
#9 /Volumes/DATA/htdocs/cagoapi/cores/framework/web/CWebApplication.php(141): CWebApplication->runController('user/REST.GET')
#10 /Volumes/DATA/htdocs/cagoapi/cores/framework/base/CApplication.php(180): CWebApplication->processRequest()
#11 /Volumes/DATA/htdocs/cagoapi/index.php(13): CApplication->run()
#12 {main}
REQUEST_URI=/cagoapi/api/user
---
2013/10/18 04:26:39 [error] [exception.CHttpException.401] exception 'CHttpException' with message 'Unauthorized' in /Volumes/DATA/htdocs/cagoapi/protected/extensions/starship/RestfullYii/filters/ERestFilter.php:48
Stack trace:
#0 /Volumes/DATA/htdocs/cagoapi/cores/framework/web/filters/CFilter.php(38): ERestFilter->preFilter(Object(CFilterChain))
#1 /Volumes/DATA/htdocs/cagoapi/cores/framework/web/filters/CFilterChain.php(130): CFilter->filter(Object(CFilterChain))
#2 /Volumes/DATA/htdocs/cagoapi/cores/framework/web/filters/CFilter.php(40): CFilterChain->run()
#3 /Volumes/DATA/htdocs/cagoapi/cores/framework/web/CController.php(1145): CFilter->filter(Object(CFilterChain))
#4 /Volumes/DATA/htdocs/cagoapi/cores/framework/web/filters/CInlineFilter.php(58): CController->filterAccessControl(Object(CFilterChain))
#5 /Volumes/DATA/htdocs/cagoapi/cores/framework/web/filters/CFilterChain.php(130): CInlineFilter->filter(Object(CFilterChain))
#6 /Volumes/DATA/htdocs/cagoapi/cores/framework/web/CController.php(291): CFilterChain->run()
#7 /Volumes/DATA/htdocs/cagoapi/cores/framework/web/CController.php(265): CController->runActionWithFilters(Object(EActionRestGET), Array)
#8 /Volumes/DATA/htdocs/cagoapi/cores/framework/web/CWebApplication.php(282): CController->run('REST.GET')
#9 /Volumes/DATA/htdocs/cagoapi/cores/framework/web/CWebApplication.php(141): CWebApplication->runController('user/REST.GET')
#10 /Volumes/DATA/htdocs/cagoapi/cores/framework/base/CApplication.php(180): CWebApplication->processRequest()
#11 /Volumes/DATA/htdocs/cagoapi/index.php(13): CApplication->run()
#12 {main}
REQUEST_URI=/cagoapi/api/user
---
2013/10/18 04:28:48 [error] [exception.CHttpException.401] exception 'CHttpException' with message 'Unauthorized' in /Volumes/DATA/htdocs/cagoapi/protected/extensions/starship/RestfullYii/filters/ERestFilter.php:48
Stack trace:
#0 /Volumes/DATA/htdocs/cagoapi/cores/framework/web/filters/CFilter.php(38): ERestFilter->preFilter(Object(CFilterChain))
#1 /Volumes/DATA/htdocs/cagoapi/cores/framework/web/filters/CFilterChain.php(130): CFilter->filter(Object(CFilterChain))
#2 /Volumes/DATA/htdocs/cagoapi/cores/framework/web/filters/CFilter.php(40): CFilterChain->run()
#3 /Volumes/DATA/htdocs/cagoapi/cores/framework/web/CController.php(1145): CFilter->filter(Object(CFilterChain))
#4 /Volumes/DATA/htdocs/cagoapi/cores/framework/web/filters/CInlineFilter.php(58): CController->filterAccessControl(Object(CFilterChain))
#5 /Volumes/DATA/htdocs/cagoapi/cores/framework/web/filters/CFilterChain.php(130): CInlineFilter->filter(Object(CFilterChain))
#6 /Volumes/DATA/htdocs/cagoapi/cores/framework/web/CController.php(291): CFilterChain->run()
#7 /Volumes/DATA/htdocs/cagoapi/cores/framework/web/CController.php(265): CController->runActionWithFilters(Object(EActionRestGET), Array)
#8 /Volumes/DATA/htdocs/cagoapi/cores/framework/web/CWebApplication.php(282): CController->run('REST.GET')
#9 /Volumes/DATA/htdocs/cagoapi/cores/framework/web/CWebApplication.php(141): CWebApplication->runController('user/REST.GET')
#10 /Volumes/DATA/htdocs/cagoapi/cores/framework/base/CApplication.php(180): CWebApplication->processRequest()
#11 /Volumes/DATA/htdocs/cagoapi/index.php(13): CApplication->run()
#12 {main}
REQUEST_URI=/cagoapi/api/user
---
2013/10/18 04:30:28 [error] [exception.CHttpException.404] exception 'CHttpException' with message 'Unable to resolve the request "use/REST.GET".' in /Volumes/DATA/htdocs/cagoapi/cores/framework/web/CWebApplication.php:286
Stack trace:
#0 /Volumes/DATA/htdocs/cagoapi/cores/framework/web/CWebApplication.php(141): CWebApplication->runController('use/REST.GET')
#1 /Volumes/DATA/htdocs/cagoapi/cores/framework/base/CApplication.php(180): CWebApplication->processRequest()
#2 /Volumes/DATA/htdocs/cagoapi/index.php(13): CApplication->run()
#3 {main}
REQUEST_URI=/cagoapi/api/use
---
2013/10/18 04:30:32 [error] [exception.CHttpException.404] exception 'CHttpException' with message 'Unable to resolve the request "use/REST.GET".' in /Volumes/DATA/htdocs/cagoapi/cores/framework/web/CWebApplication.php:286
Stack trace:
#0 /Volumes/DATA/htdocs/cagoapi/cores/framework/web/CWebApplication.php(141): CWebApplication->runController('use/REST.GET')
#1 /Volumes/DATA/htdocs/cagoapi/cores/framework/base/CApplication.php(180): CWebApplication->processRequest()
#2 /Volumes/DATA/htdocs/cagoapi/index.php(13): CApplication->run()
#3 {main}
REQUEST_URI=/cagoapi/api/use
---
2013/10/18 04:30:38 [error] [exception.CHttpException.401] exception 'CHttpException' with message 'Unauthorized' in /Volumes/DATA/htdocs/cagoapi/protected/extensions/starship/RestfullYii/filters/ERestFilter.php:48
Stack trace:
#0 /Volumes/DATA/htdocs/cagoapi/cores/framework/web/filters/CFilter.php(38): ERestFilter->preFilter(Object(CFilterChain))
#1 /Volumes/DATA/htdocs/cagoapi/cores/framework/web/filters/CFilterChain.php(130): CFilter->filter(Object(CFilterChain))
#2 /Volumes/DATA/htdocs/cagoapi/cores/framework/web/filters/CFilter.php(40): CFilterChain->run()
#3 /Volumes/DATA/htdocs/cagoapi/cores/framework/web/CController.php(1145): CFilter->filter(Object(CFilterChain))
#4 /Volumes/DATA/htdocs/cagoapi/cores/framework/web/filters/CInlineFilter.php(58): CController->filterAccessControl(Object(CFilterChain))
#5 /Volumes/DATA/htdocs/cagoapi/cores/framework/web/filters/CFilterChain.php(130): CInlineFilter->filter(Object(CFilterChain))
#6 /Volumes/DATA/htdocs/cagoapi/cores/framework/web/CController.php(291): CFilterChain->run()
#7 /Volumes/DATA/htdocs/cagoapi/cores/framework/web/CController.php(265): CController->runActionWithFilters(Object(EActionRestGET), Array)
#8 /Volumes/DATA/htdocs/cagoapi/cores/framework/web/CWebApplication.php(282): CController->run('REST.GET')
#9 /Volumes/DATA/htdocs/cagoapi/cores/framework/web/CWebApplication.php(141): CWebApplication->runController('user/REST.GET')
#10 /Volumes/DATA/htdocs/cagoapi/cores/framework/base/CApplication.php(180): CWebApplication->processRequest()
#11 /Volumes/DATA/htdocs/cagoapi/index.php(13): CApplication->run()
#12 {main}
REQUEST_URI=/cagoapi/api/user
---
2013/10/18 04:35:04 [error] [exception.CHttpException.401] exception 'CHttpException' with message 'Unauthorized' in /Volumes/DATA/htdocs/cagoapi/protected/extensions/starship/RestfullYii/filters/ERestFilter.php:48
Stack trace:
#0 /Volumes/DATA/htdocs/cagoapi/cores/framework/web/filters/CFilter.php(38): ERestFilter->preFilter(Object(CFilterChain))
#1 /Volumes/DATA/htdocs/cagoapi/cores/framework/web/filters/CFilterChain.php(130): CFilter->filter(Object(CFilterChain))
#2 /Volumes/DATA/htdocs/cagoapi/cores/framework/web/filters/CFilter.php(40): CFilterChain->run()
#3 /Volumes/DATA/htdocs/cagoapi/cores/framework/web/CController.php(1145): CFilter->filter(Object(CFilterChain))
#4 /Volumes/DATA/htdocs/cagoapi/cores/framework/web/filters/CInlineFilter.php(58): CController->filterAccessControl(Object(CFilterChain))
#5 /Volumes/DATA/htdocs/cagoapi/cores/framework/web/filters/CFilterChain.php(130): CInlineFilter->filter(Object(CFilterChain))
#6 /Volumes/DATA/htdocs/cagoapi/cores/framework/web/CController.php(291): CFilterChain->run()
#7 /Volumes/DATA/htdocs/cagoapi/cores/framework/web/CController.php(265): CController->runActionWithFilters(Object(EActionRestGET), Array)
#8 /Volumes/DATA/htdocs/cagoapi/cores/framework/web/CWebApplication.php(282): CController->run('REST.GET')
#9 /Volumes/DATA/htdocs/cagoapi/cores/framework/web/CWebApplication.php(141): CWebApplication->runController('user/REST.GET')
#10 /Volumes/DATA/htdocs/cagoapi/cores/framework/base/CApplication.php(180): CWebApplication->processRequest()
#11 /Volumes/DATA/htdocs/cagoapi/index.php(13): CApplication->run()
#12 {main}
REQUEST_URI=/cagoapi/api/user
---
2013/10/18 04:36:06 [error] [exception.CHttpException.401] exception 'CHttpException' with message 'Unauthorized' in /Volumes/DATA/htdocs/cagoapi/protected/extensions/starship/RestfullYii/filters/ERestFilter.php:48
Stack trace:
#0 /Volumes/DATA/htdocs/cagoapi/cores/framework/web/filters/CFilter.php(38): ERestFilter->preFilter(Object(CFilterChain))
#1 /Volumes/DATA/htdocs/cagoapi/cores/framework/web/filters/CFilterChain.php(130): CFilter->filter(Object(CFilterChain))
#2 /Volumes/DATA/htdocs/cagoapi/cores/framework/web/filters/CFilter.php(40): CFilterChain->run()
#3 /Volumes/DATA/htdocs/cagoapi/cores/framework/web/CController.php(1145): CFilter->filter(Object(CFilterChain))
#4 /Volumes/DATA/htdocs/cagoapi/cores/framework/web/filters/CInlineFilter.php(58): CController->filterAccessControl(Object(CFilterChain))
#5 /Volumes/DATA/htdocs/cagoapi/cores/framework/web/filters/CFilterChain.php(130): CInlineFilter->filter(Object(CFilterChain))
#6 /Volumes/DATA/htdocs/cagoapi/cores/framework/web/CController.php(291): CFilterChain->run()
#7 /Volumes/DATA/htdocs/cagoapi/cores/framework/web/CController.php(265): CController->runActionWithFilters(Object(EActionRestGET), Array)
#8 /Volumes/DATA/htdocs/cagoapi/cores/framework/web/CWebApplication.php(282): CController->run('REST.GET')
#9 /Volumes/DATA/htdocs/cagoapi/cores/framework/web/CWebApplication.php(141): CWebApplication->runController('user/REST.GET')
#10 /Volumes/DATA/htdocs/cagoapi/cores/framework/base/CApplication.php(180): CWebApplication->processRequest()
#11 /Volumes/DATA/htdocs/cagoapi/index.php(13): CApplication->run()
#12 {main}
REQUEST_URI=/cagoapi/api/user
---
2013/10/18 04:41:24 [error] [exception.CHttpException.401] exception 'CHttpException' with message 'Unauthorized' in /Volumes/DATA/htdocs/cagoapi/protected/extensions/starship/RestfullYii/filters/ERestFilter.php:48
Stack trace:
#0 /Volumes/DATA/htdocs/cagoapi/cores/framework/web/filters/CFilter.php(38): ERestFilter->preFilter(Object(CFilterChain))
#1 /Volumes/DATA/htdocs/cagoapi/cores/framework/web/filters/CFilterChain.php(130): CFilter->filter(Object(CFilterChain))
#2 /Volumes/DATA/htdocs/cagoapi/cores/framework/web/filters/CFilter.php(40): CFilterChain->run()
#3 /Volumes/DATA/htdocs/cagoapi/cores/framework/web/CController.php(1145): CFilter->filter(Object(CFilterChain))
#4 /Volumes/DATA/htdocs/cagoapi/cores/framework/web/filters/CInlineFilter.php(58): CController->filterAccessControl(Object(CFilterChain))
#5 /Volumes/DATA/htdocs/cagoapi/cores/framework/web/filters/CFilterChain.php(130): CInlineFilter->filter(Object(CFilterChain))
#6 /Volumes/DATA/htdocs/cagoapi/cores/framework/web/CController.php(291): CFilterChain->run()
#7 /Volumes/DATA/htdocs/cagoapi/cores/framework/web/CController.php(265): CController->runActionWithFilters(Object(EActionRestGET), Array)
#8 /Volumes/DATA/htdocs/cagoapi/cores/framework/web/CWebApplication.php(282): CController->run('REST.GET')
#9 /Volumes/DATA/htdocs/cagoapi/cores/framework/web/CWebApplication.php(141): CWebApplication->runController('user/REST.GET')
#10 /Volumes/DATA/htdocs/cagoapi/cores/framework/base/CApplication.php(180): CWebApplication->processRequest()
#11 /Volumes/DATA/htdocs/cagoapi/index.php(13): CApplication->run()
#12 {main}
REQUEST_URI=/cagoapi/api/user
---
